<?xml version="1.0" encoding="UTF-8"?>
<!-- Generated by org.testng.reporters.JUnitReportReporter -->
<testsuite hostname="AgBe" failures="0" tests="9" name="com.tvs.pgm.twoW.mobile.tests.LoginTest" time="19.367" errors="0" timestamp="2025-07-09T16:08:42 IST" skipped="0">
  <testcase classname="com.tvs.pgm.twoW.mobile.tests.LoginTest" name="locationPermissionText" time="1.150"/>
  <testcase classname="com.tvs.pgm.twoW.mobile.tests.LoginTest" name="clickLocationPermssionWhileUsing" time="0.581"/>
  <testcase classname="com.tvs.pgm.twoW.mobile.tests.LoginTest" name="testTextField" time="0.878"/>
  <testcase classname="com.tvs.pgm.twoW.mobile.tests.LoginTest" name="wrongMobileNumber" time="3.224"/>
  <testcase classname="com.tvs.pgm.twoW.mobile.tests.LoginTest" name="enterMob" time="2.415"/>
  <testcase classname="com.tvs.pgm.twoW.mobile.tests.LoginTest" name="clickVerifyNumberButton" time="1.887"/>
  <testcase classname="com.tvs.pgm.twoW.mobile.tests.LoginTest" name="isVerifyEnterOtpText" time="5.923"/>
  <testcase classname="com.tvs.pgm.twoW.mobile.tests.LoginTest" name="clickEnterOtp" time="0.662"/>
  <testcase classname="com.tvs.pgm.twoW.mobile.tests.LoginTest" name="enterOtpNo" time="2.647"/>
</testsuite> <!-- com.tvs.pgm.twoW.mobile.tests.LoginTest -->
