<?xml version="1.0" encoding="UTF-8"?>
<!-- Generated by org.testng.reporters.JUnitReportReporter -->
<testsuite hostname="AgBe" failures="0" tests="1" name="com.tvs.pgm.twoW.mobile.tests.MyAccountTest" time="1.163" errors="0" timestamp="2025-07-17T15:10:59 IST" skipped="0">
  <testcase classname="com.tvs.pgm.twoW.mobile.tests.MyAccountTest" name="clickMyAccountButton" time="1.163"/>
</testsuite> <!-- com.tvs.pgm.twoW.mobile.tests.MyAccountTest -->
