<?xml version="1.0" encoding="UTF-8"?>
<!-- Generated by org.testng.reporters.JUnitReportReporter -->
<testsuite hostname="AgBe" failures="0" tests="10" name="com.tvs.pgm.twoW.mobile.tests.LoginTest" time="13.942" errors="0" timestamp="2025-07-31T18:47:23 IST" skipped="0">
  <testcase classname="com.tvs.pgm.twoW.mobile.tests.LoginTest" name="verifyLocationPermissionPopupDisplayed" time="0.648"/>
  <testcase classname="com.tvs.pgm.twoW.mobile.tests.LoginTest" name="verifyLocationPermissionText" time="0.485"/>
  <testcase classname="com.tvs.pgm.twoW.mobile.tests.LoginTest" name="allowLocationPermission" time="0.569"/>
  <testcase classname="com.tvs.pgm.twoW.mobile.tests.LoginTest" name="verifyEnterMobileNumberFieldDisplayed" time="0.841"/>
  <testcase classname="com.tvs.pgm.twoW.mobile.tests.LoginTest" name="verifyInvalidMobileNumberBlocked" time="2.728"/>
  <testcase classname="com.tvs.pgm.twoW.mobile.tests.LoginTest" name="enterValidMobileNumber" time="2.418"/>
  <testcase classname="com.tvs.pgm.twoW.mobile.tests.LoginTest" name="clickVerifyNumberButton" time="1.276"/>
  <testcase classname="com.tvs.pgm.twoW.mobile.tests.LoginTest" name="verifyOtpScreenDisplayed" time="1.662"/>
  <testcase classname="com.tvs.pgm.twoW.mobile.tests.LoginTest" name="clickOtpField" time="1.041"/>
  <testcase classname="com.tvs.pgm.twoW.mobile.tests.LoginTest" name="enterOtp" time="2.274"/>
</testsuite> <!-- com.tvs.pgm.twoW.mobile.tests.LoginTest -->
