<?xml version="1.0" encoding="UTF-8"?>
<!-- Generated by org.testng.reporters.JUnitReportReporter -->
<testsuite hostname="AgBe" failures="0" tests="10" name="com.tvs.pgm.twoW.mobile.tests.LoginTest" time="13.370" errors="0" timestamp="2025-07-21T18:57:19 IST" skipped="0">
  <testcase classname="com.tvs.pgm.twoW.mobile.tests.LoginTest" name="verifyLocationPermissionPopup" time="0.593"/>
  <testcase classname="com.tvs.pgm.twoW.mobile.tests.LoginTest" name="verifyLocationPermissionOptionText" time="0.492"/>
  <testcase classname="com.tvs.pgm.twoW.mobile.tests.LoginTest" name="allowLocationPermission" time="0.591"/>
  <testcase classname="com.tvs.pgm.twoW.mobile.tests.LoginTest" name="verifyMobileNumberFieldDisplayed" time="0.854"/>
  <testcase classname="com.tvs.pgm.twoW.mobile.tests.LoginTest" name="verifyInvalidMobileNumberBlocked" time="2.473"/>
  <testcase classname="com.tvs.pgm.twoW.mobile.tests.LoginTest" name="enterValidMobileNumber" time="2.270"/>
  <testcase classname="com.tvs.pgm.twoW.mobile.tests.LoginTest" name="clickVerifyNumberButton" time="0.687"/>
  <testcase classname="com.tvs.pgm.twoW.mobile.tests.LoginTest" name="verifyOtpScreenDisplayed" time="2.258"/>
  <testcase classname="com.tvs.pgm.twoW.mobile.tests.LoginTest" name="clickOtpField" time="0.991"/>
  <testcase classname="com.tvs.pgm.twoW.mobile.tests.LoginTest" name="enterOtp" time="2.161"/>
</testsuite> <!-- com.tvs.pgm.twoW.mobile.tests.LoginTest -->
