<?xml version="1.0" encoding="UTF-8"?>
<!-- Generated by org.testng.reporters.JUnitReportReporter -->
<testsuite hostname="AgBe" failures="0" tests="1" name="com.tvs.pgm.twoW.mobile.tests.BaseTest" time="0.590" errors="1" timestamp="2025-07-08T17:48:45 IST" skipped="0">
  <testcase classname="com.tvs.pgm.twoW.mobile.tests.BaseTest" name="setup" time="0.590">
    <error message="Could not start a new session. Possible causes are invalid address of the remote server or browser start-up failure. 
Host info: host: &#039;AGBE&#039;, ip: &#039;192.168.1.109&#039;
Build info: version: &#039;4.34.0&#039;, revision: &#039;707dcb4246*&#039;
System info: os.name: &#039;Windows 10&#039;, os.arch: &#039;amd64&#039;, os.version: &#039;10.0&#039;, java.version: &#039;17.0.12&#039;
Driver info: io.appium.java_client.android.AndroidDriver
Command: [null, newSession {capabilities=[Capabilities {appium:appActivity: com.tvs_pgm.tvs.MainActivity, appium:appPackage: com.tvs.tvs_pgm_dev, appium:automationName: UIAutomator2, appium:deviceName: Samsung SM-A528B, appium:dontStopAppOnReset: true, appium:noReset: true, platformName: ANDROID}]}]
Capabilities {appium:appActivity: com.tvs_pgm.tvs.MainActivity, appium:appPackage: com.tvs.tvs_pgm_dev, appium:automationName: UIAutomator2, appium:deviceName: Samsung SM-A528B, appium:dontStopAppOnReset: true, appium:noReset: true, platformName: ANDROID}" type="org.openqa.selenium.SessionNotCreatedException">
      <![CDATA[org.openqa.selenium.SessionNotCreatedException: Could not start a new session. Possible causes are invalid address of the remote server or browser start-up failure. 
Host info: host: 'AGBE', ip: '192.168.1.109'
Build info: version: '4.34.0', revision: '707dcb4246*'
System info: os.name: 'Windows 10', os.arch: 'amd64', os.version: '10.0', java.version: '17.0.12'
Driver info: io.appium.java_client.android.AndroidDriver
Command: [null, newSession {capabilities=[Capabilities {appium:appActivity: com.tvs_pgm.tvs.MainActivity, appium:appPackage: com.tvs.tvs_pgm_dev, appium:automationName: UIAutomator2, appium:deviceName: Samsung SM-A528B, appium:dontStopAppOnReset: true, appium:noReset: true, platformName: ANDROID}]}]
Capabilities {appium:appActivity: com.tvs_pgm.tvs.MainActivity, appium:appPackage: com.tvs.tvs_pgm_dev, appium:automationName: UIAutomator2, appium:deviceName: Samsung SM-A528B, appium:dontStopAppOnReset: true, appium:noReset: true, platformName: ANDROID}
at org.openqa.selenium.remote.RemoteWebDriver.execute(RemoteWebDriver.java:562)
at io.appium.java_client.AppiumDriver.startSession(AppiumDriver.java:313)
at org.openqa.selenium.remote.RemoteWebDriver.<init>(RemoteWebDriver.java:173)
at io.appium.java_client.AppiumDriver.<init>(AppiumDriver.java:101)
at io.appium.java_client.AppiumDriver.<init>(AppiumDriver.java:113)
at io.appium.java_client.android.AndroidDriver.<init>(AndroidDriver.java:109)
at com.tvs.pgm.twoW.mobile.base.DriverManager.initializeDriver(DriverManager.java:25)
at com.tvs.pgm.twoW.mobile.tests.BaseTest.setup(BaseTest.java:37)
at java.base/jdk.internal.reflect.NativeMethodAccessorImpl.invoke0(Native Method)
at java.base/jdk.internal.reflect.NativeMethodAccessorImpl.invoke(NativeMethodAccessorImpl.java:77)
at java.base/jdk.internal.reflect.DelegatingMethodAccessorImpl.invoke(DelegatingMethodAccessorImpl.java:43)
at java.base/java.lang.reflect.Method.invoke(Method.java:568)
at org.testng.internal.invokers.MethodInvocationHelper.invokeMethod(MethodInvocationHelper.java:141)
at org.testng.internal.invokers.MethodInvocationHelper.invokeMethodConsideringTimeout(MethodInvocationHelper.java:71)
at org.testng.internal.invokers.ConfigInvoker.invokeConfigurationMethod(ConfigInvoker.java:400)
at org.testng.internal.invokers.ConfigInvoker.invokeConfigurations(ConfigInvoker.java:333)
at org.testng.SuiteRunner.privateRun(SuiteRunner.java:358)
at org.testng.SuiteRunner.run(SuiteRunner.java:312)
at org.testng.SuiteRunnerWorker.runSuite(SuiteRunnerWorker.java:52)
at org.testng.SuiteRunnerWorker.run(SuiteRunnerWorker.java:95)
at org.testng.TestNG.runSuitesSequentially(TestNG.java:1274)
at org.testng.TestNG.runSuitesLocally(TestNG.java:1208)
at org.testng.TestNG.runSuites(TestNG.java:1112)
at org.testng.TestNG.run(TestNG.java:1079)
at org.testng.remote.AbstractRemoteTestNG.run(AbstractRemoteTestNG.java:115)
at org.testng.remote.RemoteTestNG.initAndRun(RemoteTestNG.java:293)
at org.testng.remote.RemoteTestNG.main(RemoteTestNG.java:91)
Caused by: java.io.UncheckedIOException: java.net.ConnectException
at org.openqa.selenium.remote.http.jdk.JdkHttpClient.execute0(JdkHttpClient.java:500)
at io.appium.java_client.internal.filters.AppiumIdempotencyFilter.lambda$apply$0(AppiumIdempotencyFilter.java:35)
at io.appium.java_client.internal.filters.AppiumUserAgentFilter.lambda$apply$0(AppiumUserAgentFilter.java:86)
at org.openqa.selenium.remote.http.Filter.lambda$andFinally$1(Filter.java:55)
at org.openqa.selenium.remote.http.jdk.JdkHttpClient.lambda$executeAsync$2(JdkHttpClient.java:387)
at java.base/java.util.concurrent.Executors$RunnableAdapter.call(Executors.java:539)
at java.base/java.util.concurrent.FutureTask.run(FutureTask.java:264)
at java.base/java.util.concurrent.ThreadPoolExecutor.runWorker(ThreadPoolExecutor.java:1136)
at java.base/java.util.concurrent.ThreadPoolExecutor$Worker.run(ThreadPoolExecutor.java:635)
at java.base/java.lang.Thread.run(Thread.java:842)
Caused by: java.net.ConnectException
at java.net.http/jdk.internal.net.http.HttpClientImpl.send(HttpClientImpl.java:574)
at java.net.http/jdk.internal.net.http.HttpClientFacade.send(HttpClientFacade.java:123)
at org.openqa.selenium.remote.http.jdk.JdkHttpClient.execute0(JdkHttpClient.java:459)
... 9 more
Caused by: java.net.ConnectException
at java.net.http/jdk.internal.net.http.common.Utils.toConnectException(Utils.java:1055)
at java.net.http/jdk.internal.net.http.PlainHttpConnection.connectAsync(PlainHttpConnection.java:198)
at java.net.http/jdk.internal.net.http.PlainHttpConnection.checkRetryConnect(PlainHttpConnection.java:230)
at java.net.http/jdk.internal.net.http.PlainHttpConnection.lambda$connectAsync$1(PlainHttpConnection.java:206)
at java.base/java.util.concurrent.CompletableFuture.uniHandle(CompletableFuture.java:934)
at java.base/java.util.concurrent.CompletableFuture$UniHandle.tryFire(CompletableFuture.java:911)
at java.base/java.util.concurrent.CompletableFuture.postComplete(CompletableFuture.java:510)
at java.base/java.util.concurrent.CompletableFuture$AsyncSupply.run(CompletableFuture.java:1773)
... 3 more
Caused by: java.nio.channels.ClosedChannelException
at java.base/sun.nio.ch.SocketChannelImpl.ensureOpen(SocketChannelImpl.java:195)
at java.base/sun.nio.ch.SocketChannelImpl.beginConnect(SocketChannelImpl.java:760)
at java.base/sun.nio.ch.SocketChannelImpl.connect(SocketChannelImpl.java:848)
at java.net.http/jdk.internal.net.http.PlainHttpConnection.lambda$connectAsync$0(PlainHttpConnection.java:183)
at java.base/java.security.AccessController.doPrivileged(AccessController.java:569)
at java.net.http/jdk.internal.net.http.PlainHttpConnection.connectAsync(PlainHttpConnection.java:185)
... 9 more
]]>
    </error>
  </testcase> <!-- setup -->
</testsuite> <!-- com.tvs.pgm.twoW.mobile.tests.BaseTest -->
