<?xml version="1.0" encoding="UTF-8"?>
<!-- Generated by org.testng.reporters.JUnitReportReporter -->
<testsuite hostname="AgBe" failures="0" tests="10" name="com.tvs.pgm.twoW.mobile.tests.LoginTest" time="14.540" errors="0" timestamp="2025-07-31T15:46:52 IST" skipped="0">
  <testcase classname="com.tvs.pgm.twoW.mobile.tests.LoginTest" name="verifyLocationPermissionPopupDisplayed" time="0.649"/>
  <testcase classname="com.tvs.pgm.twoW.mobile.tests.LoginTest" name="verifyLocationPermissionText" time="0.498"/>
  <testcase classname="com.tvs.pgm.twoW.mobile.tests.LoginTest" name="allowLocationPermission" time="0.761"/>
  <testcase classname="com.tvs.pgm.twoW.mobile.tests.LoginTest" name="verifyEnterMobileNumberFieldDisplayed" time="0.858"/>
  <testcase classname="com.tvs.pgm.twoW.mobile.tests.LoginTest" name="verifyInvalidMobileNumberBlocked" time="2.678"/>
  <testcase classname="com.tvs.pgm.twoW.mobile.tests.LoginTest" name="enterValidMobileNumber" time="2.638"/>
  <testcase classname="com.tvs.pgm.twoW.mobile.tests.LoginTest" name="clickVerifyNumberButton" time="0.905"/>
  <testcase classname="com.tvs.pgm.twoW.mobile.tests.LoginTest" name="verifyOtpScreenDisplayed" time="2.331"/>
  <testcase classname="com.tvs.pgm.twoW.mobile.tests.LoginTest" name="clickOtpField" time="0.899"/>
  <testcase classname="com.tvs.pgm.twoW.mobile.tests.LoginTest" name="enterOtp" time="2.323"/>
</testsuite> <!-- com.tvs.pgm.twoW.mobile.tests.LoginTest -->
